Reusing configuration cache.
> Task :shared:core:convertXmlValueResourcesForIosSimulatorArm64Main NO-SOURCE
> Task :shared:core:convertXmlValueResourcesForIosMain NO-SOURCE
> Task :shared:core:kmpPartiallyResolvedDependenciesChecker
> Task :shared:core:convertXmlValueResourcesForNativeMain NO-SOURCE
> Task :shared:core:copyNonXmlValueResourcesForAppleMain NO-SOURCE
> Task :shared:core:copyNonXmlValueResourcesForIosMain NO-SOURCE
> Task :shared:core:copyNonXmlValueResourcesForIosSimulatorArm64Main NO-SOURCE
> Task :shared:core:checkKotlinGradlePluginConfigurationErrors SKIPPED
> Task :shared:core:generateComposeResClass UP-TO-DATE
> Task :shared:core:convertXmlValueResourcesForAppleMain NO-SOURCE
> Task :shared:core:generateExpectResourceCollectorsForCommonMain UP-TO-DATE
> Task :shared:core:copyNonXmlValueResourcesForNativeMain NO-SOURCE
> Task :shared:core:prepareComposeResourcesTaskForIosSimulatorArm64Main NO-SOURCE
> Task :shared:data:kmpPartiallyResolvedDependenciesChecker
> Task :shared:core:prepareComposeResourcesTaskForIosMain NO-SOURCE
> Task :shared:data:checkKotlinGradlePluginConfigurationErrors SKIPPED
> Task :shared:core:prepareComposeResourcesTaskForAppleMain NO-SOURCE
> Task :shared:core:generateResourceAccessorsForIosMain NO-SOURCE
> Task :shared:core:convertXmlValueResourcesForCommonMain UP-TO-DATE
> Task :shared:core:convertXmlValueResourcesForIosX64Main NO-SOURCE
> Task :shared:core:generateResourceAccessorsForAppleMain NO-SOURCE
> Task :shared:core:generateResourceAccessorsForIosSimulatorArm64Main NO-SOURCE
> Task :shared:data:iosSimulatorArm64ProcessResources NO-SOURCE
> Task :shared:core:copyNonXmlValueResourcesForCommonMain UP-TO-DATE
> Task :shared:core:convertXmlValueResourcesForJvmMain NO-SOURCE
> Task :shared:data:koverFindJar UP-TO-DATE
> Task :shared:core:copyNonXmlValueResourcesForIosX64Main NO-SOURCE
> Task :shared:core:prepareComposeResourcesTaskForCommonMain UP-TO-DATE
> Task :shared:data:iosX64ProcessResources NO-SOURCE
> Task :shared:core:copyNonXmlValueResourcesForJvmMain NO-SOURCE
> Task :shared:core:prepareComposeResourcesTaskForNativeMain NO-SOURCE
> Task :shared:core:generateResourceAccessorsForCommonMain UP-TO-DATE
> Task :shared:core:generateResourceAccessorsForNativeMain NO-SOURCE
> Task :shared:core:prepareComposeResourcesTaskForIosX64Main NO-SOURCE
> Task :shared:core:generateActualResourceCollectorsForIosSimulatorArm64Main UP-TO-DATE
> Task :shared:core:prepareComposeResourcesTaskForJvmMain NO-SOURCE
> Task :shared:core:generateResourceAccessorsForIosX64Main NO-SOURCE
> Task :shared:core:generateResourceAccessorsForJvmMain NO-SOURCE
> Task :shared:core:generateActualResourceCollectorsForIosX64Main UP-TO-DATE
> Task :shared:core:assembleJvmMainResources UP-TO-DATE
> Task :shared:core:generateActualResourceCollectorsForJvmMain UP-TO-DATE
> Task :shared:core:jvmProcessResources UP-TO-DATE
> Task :shared:core:processJvmMainResources SKIPPED
> Task :shared:data:downloadKotlinNativeDistribution UP-TO-DATE
> Task :shared:core:compileKotlinJvm UP-TO-DATE
> Task :shared:core:downloadKotlinNativeDistribution UP-TO-DATE
> Task :shared:core:compileJvmMainJava NO-SOURCE
> Task :shared:core:jvmMainClasses UP-TO-DATE
> Task :shared:core:jvmJar UP-TO-DATE
> Task :shared:data:kspKotlinJvm UP-TO-DATE
> Task :shared:data:jvmProcessResources NO-SOURCE
> Task :shared:data:processJvmMainResources SKIPPED
> Task :shared:data:compileKotlinJvm UP-TO-DATE
> Task :shared:data:compileJvmMainJava NO-SOURCE
> Task :shared:data:jvmMainClasses UP-TO-DATE
> Task :shared:data:kspTestKotlinJvm SKIPPED
> Task :shared:data:jvmTestProcessResources NO-SOURCE
> Task :shared:data:processJvmTestResources SKIPPED
> Task :shared:data:jvmJar UP-TO-DATE
> Task :shared:data:compileTestKotlinJvm UP-TO-DATE
> Task :shared:data:compileJvmTestJava NO-SOURCE
> Task :shared:data:jvmTestClasses UP-TO-DATE
> Task :shared:data:jvmTest UP-TO-DATE
> Task :shared:core:compileKotlinIosX64 UP-TO-DATE
> Task :shared:data:kspKotlinIosX64 UP-TO-DATE
> Task :shared:core:compileKotlinIosSimulatorArm64 UP-TO-DATE
> Task :shared:data:compileKotlinIosX64 UP-TO-DATE
> Task :shared:data:iosX64MainKlibrary UP-TO-DATE
> Task :shared:data:kspTestKotlinIosX64 SKIPPED
> Task :shared:data:kspKotlinIosSimulatorArm64 UP-TO-DATE
> Task :shared:data:compileKotlinIosSimulatorArm64 UP-TO-DATE
> Task :shared:data:iosSimulatorArm64MainKlibrary UP-TO-DATE
> Task :shared:data:kspTestKotlinIosSimulatorArm64 SKIPPED
> Task :shared:data:copyRoomSchemas

> Task :shared:data:compileTestKotlinIosSimulatorArm64 FAILED
e: file:///Users/justinsmith/Projects/BlackJack/shared/data/src/commonTest/kotlin/io/github/smithjustinn/data/local/ConvertersTest.kt:41:9 This declaration needs opt-in. Its usage must be marked with '@kotlin.experimental.ExperimentalNativeApi' or '@OptIn(kotlin.experimental.ExperimentalNativeApi::class)'
e: file:///Users/justinsmith/Projects/BlackJack/shared/data/src/commonTest/kotlin/io/github/smithjustinn/data/local/ConvertersTest.kt:42:9 This declaration needs opt-in. Its usage must be marked with '@kotlin.experimental.ExperimentalNativeApi' or '@OptIn(kotlin.experimental.ExperimentalNativeApi::class)'

> Task :shared:data:compileTestKotlinIosX64 FAILED
e: file:///Users/justinsmith/Projects/BlackJack/shared/data/src/commonTest/kotlin/io/github/smithjustinn/data/local/ConvertersTest.kt:41:9 This declaration needs opt-in. Its usage must be marked with '@kotlin.experimental.ExperimentalNativeApi' or '@OptIn(kotlin.experimental.ExperimentalNativeApi::class)'
e: file:///Users/justinsmith/Projects/BlackJack/shared/data/src/commonTest/kotlin/io/github/smithjustinn/data/local/ConvertersTest.kt:42:9 This declaration needs opt-in. Its usage must be marked with '@kotlin.experimental.ExperimentalNativeApi' or '@OptIn(kotlin.experimental.ExperimentalNativeApi::class)'

FAILURE: Build completed with 2 failures.

1: Task failed with an exception.
-----------
* What went wrong:
Execution failed for task ':shared:data:compileTestKotlinIosX64'.
> Compilation finished with errors

* Try:
> Run with --stacktrace option to get the stack trace.
> Run with --info or --debug option to get more log output.
> Run with --scan to generate a Build Scan (powered by Develocity).
> Get more help at https://help.gradle.org.
==============================================================================

2: Task failed with an exception.
-----------
* What went wrong:
Execution failed for task ':shared:data:compileTestKotlinIosSimulatorArm64'.
> Compilation finished with errors

* Try:
> Run with --stacktrace option to get the stack trace.
> Run with --info or --debug option to get more log output.
> Run with --scan to generate a Build Scan (powered by Develocity).
> Get more help at https://help.gradle.org.
==============================================================================

BUILD FAILED in 1s
32 actionable tasks: 5 executed, 27 up-to-date
Configuration cache entry reused.
